2025-03-24 23:37:04.730: [INFO] VisibilityChanged: 0
2025-03-24 23:37:04.793: [INFO] RecordSyncInitDurationhas_sync_been_enabled: 0 state: 0
2025-03-24 23:37:04.794: [INFO] RecordSyncInitDurationhas_sync_been_enabled: 0 state: 0
2025-03-24 23:37:04.794: [INFO] RecordSyncInitDurationhas_sync_been_enabled: 0 state: 0
2025-03-24 23:37:04.794: [INFO] RecordSyncInitDurationhas_sync_been_enabled: 0 state: 0
2025-03-24 23:37:04.794: [INFO] RecordSyncInitDurationhas_sync_been_enabled: 0 state: 0
2025-03-24 23:37:04.795: [INFO] RecordSyncInitDurationhas_sync_been_enabled: 0 state: 0
2025-03-24 23:37:04.795: [INFO] RecordSyncInitDurationhas_sync_been_enabled: 0 state: 0
2025-03-24 23:37:04.795: [INFO] RecordSyncInitDurationhas_sync_been_enabled: 0 state: 0
2025-03-24 23:37:04.795: [INFO] RecordSyncInitDurationhas_sync_been_enabled: 0 state: 0
2025-03-24 23:37:04.796: [INFO] RecordSyncInitDurationhas_sync_been_enabled: 0 state: 0
2025-03-24 23:37:04.796: [INFO] RecordSyncInitDurationhas_sync_been_enabled: 0 state: 0
2025-03-24 23:37:04.806: [INFO] BookmarkModelLoaded, ids_reassigned: 0
2025-03-24 23:37:04.806: [INFO] OnDoneLoading sync enabled: 0
2025-03-24 23:37:04.864: [INFO] RecordSyncInitDurationhas_sync_been_enabled: 0 state: 0
2025-03-24 23:37:12.107: [INFO] RecordSyncInitDurationhas_sync_been_enabled: 0 state: 3
2025-03-24 23:37:12.152: [INFO] Primary account changed.
2025-03-24 23:37:12.152: [INFO] OnPrimaryAccountChangedPrimaryAccountChangeEvent::Type::kSet
2025-03-24 23:37:12.154: [INFO] RecordSyncInitDurationhas_sync_been_enabled: 0 state: 3
2025-03-24 23:37:18.379: [INFO] Sync initialization duration: 5855ms
