{"logTime": "0324/233716", "correlationVector":"lyyqNzZlNyHTJeGi//LSpa.1","action":"SyncServerConnectionManagerRequest", "result":"SYNC_SERVER_OK", "context":{"environment":"Prod_germanywestcentral_prod-s01-011-eur-germanywestcentral", "migrationStage":"NotStarted", "server":"akswtt006000012"}}
{"logTime": "0324/233716", "correlationVector":"lyyqNzZlNyHTJeGi//LSpa.2","action":"EncryptionKeysManager::SetEncryptionKeys:", "result":"Success", "context":Key names[1]:[w4N3O+bDyTfW/A8qYOBsFbLg9sKD7JkS13WbkQdW3+kAXU0sW/w50uUInh6dUmcm2KeyUnjge3bjTAFkNiIGTw==]}
{"logTime": "0324/233716", "correlationVector":"lyyqNzZlNyHTJeGi//LSpa.3","action":"AAD.GetKeyResponse", "result":"Fail", "context":Keys=0.LastKeyStatus=Empty.State=None.Pending NewKey. Tags: . Emails: ["s1122744@studenti.univpm.it"]}
{"logTime": "0324/233716", "correlationVector":"lyyqNzZlNyHTJeGi//LSpa.4","action":"ProcessGetUpdates", "result":"Done", "context":{"dataType":"Encryption Keys", "deleted":"0", "process_failed_to_decrypt":"0", "process_pending_decryption":"0", "process_success":"1", "total":"1"}}
{"logTime": "0324/233717", "correlationVector":"jLgx1v9VVqTDT+2h0XybU7","action":"AAD.Mip.Pack:", "result":"Success", "context":MIP_CLOUD_COMMERCIAL:Success}
{"logTime": "0324/233717", "correlationVector":"jLgx1v9VVqTDT+2h0XybU7.0","action":"AAD.AddCommitKey", "result":"Success", "context": Tags: Current_encryption_keys_tag = Empty, Updated_current_encryption_keys_tag = ctuoPqW+WMcIkweQjnNWgvty+4bx7M393Kw4D5HSeDU=. Emails: ["s1122744@studenti.univpm.it"]}
{"logTime": "0324/233717", "correlationVector":"YWDssCV74XceZpBbqFKpma.1","action":"SyncServerConnectionManagerRequest", "result":"SYNC_SERVER_OK", "context":{"environment":"Prod_germanywestcentral_prod-s01-011-eur-germanywestcentral", "migrationStage":"NotStarted", "server":"akswtt00600000a"}}
{"logTime": "0324/233717", "correlationVector":"YWDssCV74XceZpBbqFKpma.3","action":"AAD.CommitKeyResponse", "result":"Success", "context":Committed}
{"logTime": "0324/233718", "correlationVector":"lyyqNzZlNyHTJeGi//LSpa","action":"Initial GetUpdates", "result":"", "context":Reason: NEW_CLIENT. cV=lyyqNzZlNyHTJeGi//LSpa}
{"logTime": "0324/233718", "correlationVector":"lyyqNzZlNyHTJeGi//LSpa.5","action":"GetUpdates Response", "result":"Success", "context":Received 1 update(s). cV=lyyqNzZlNyHTJeGi//LSpa.0;server=akswtt006000012;cloudType=Multitenant;environment=Prod_germanywestcentral_prod-s01-011-eur-germanywestcentral;migrationStage=NotStarted}
{"logTime": "0324/233718", "correlationVector":"YWDssCV74XceZpBbqFKpma","action":"Commit Request", "result":"", "context":Item count: 1
Contributing types: Encryption Keys}
{"logTime": "0324/233718", "correlationVector":"YWDssCV74XceZpBbqFKpma.2","action":"Commit Response", "result":"Success", "context":Result: Success. cV=YWDssCV74XceZpBbqFKpma.0;server=akswtt00600000a;cloudType=Multitenant;environment=Prod_germanywestcentral_prod-s01-011-eur-germanywestcentral;migrationStage=NotStarted}
{"logTime": "0324/233718", "correlationVector":"wF5S3TTk20ooRC/kCLj6lz","action":"Initial GetUpdates", "result":"", "context":Reason: NEW_CLIENT. cV=wF5S3TTk20ooRC/kCLj6lz}
{"logTime": "0324/233718", "correlationVector":"wF5S3TTk20ooRC/kCLj6lz.1","action":"SyncServerConnectionManagerRequest", "result":"SYNC_SERVER_OK", "context":{"environment":"Prod_germanywestcentral_prod-s01-011-eur-germanywestcentral", "migrationStage":"NotStarted", "server":"akswtt006000020"}}
{"logTime": "0324/233718", "correlationVector":"wF5S3TTk20ooRC/kCLj6lz.2","action":"ProcessGetUpdates", "result":"Done", "context":{"dataType":"Encryption Keys", "deleted":"0", "process_failed_to_decrypt":"0", "process_pending_decryption":"0", "process_success":"1", "total":"1"}}
{"logTime": "0324/233718", "correlationVector":"wF5S3TTk20ooRC/kCLj6lz.3","action":"GetUpdates Response", "result":"Success", "context":Received 1 update(s). cV=wF5S3TTk20ooRC/kCLj6lz.0;server=akswtt006000020;cloudType=Multitenant;environment=Prod_germanywestcentral_prod-s01-011-eur-germanywestcentral;migrationStage=NotStarted}
{"logTime": "0324/233718", "correlationVector":"AWkd3hVUDSyIPaIVko5Dvd","action":"Initial GetUpdates", "result":"", "context":Reason: NEW_CLIENT. cV=AWkd3hVUDSyIPaIVko5Dvd}
{"logTime": "0324/233718", "correlationVector":"AWkd3hVUDSyIPaIVko5Dvd.1","action":"SyncServerConnectionManagerRequest", "result":"SYNC_SERVER_OK", "context":{"environment":"Prod_germanywestcentral_prod-s01-011-eur-germanywestcentral", "migrationStage":"NotStarted", "server":"akswtt006000012"}}
{"logTime": "0324/233718", "correlationVector":"AWkd3hVUDSyIPaIVko5Dvd.2","action":"ProcessGetUpdates", "result":"Done", "context":{"dataType":"Bookmarks", "deleted":"0", "process_failed_to_decrypt":"0", "process_pending_decryption":"0", "process_success":"5", "total":"5"}}
{"logTime": "0324/233718", "correlationVector":"AWkd3hVUDSyIPaIVko5Dvd.3","action":"GetUpdates Response", "result":"Success", "context":Received 5 update(s). cV=AWkd3hVUDSyIPaIVko5Dvd.0;server=akswtt006000012;cloudType=Multitenant;environment=Prod_germanywestcentral_prod-s01-011-eur-germanywestcentral;migrationStage=NotStarted}
{"logTime": "0324/233718", "correlationVector":"n+CX+YUJ//bzLtnxaLXU7x","action":"Initial GetUpdates", "result":"", "context":Reason: NEW_CLIENT. cV=n+CX+YUJ//bzLtnxaLXU7x}
{"logTime": "0324/233718", "correlationVector":"n+CX+YUJ//bzLtnxaLXU7x.1","action":"SyncServerConnectionManagerRequest", "result":"SYNC_SERVER_OK", "context":{"environment":"Prod_germanywestcentral_prod-s01-011-eur-germanywestcentral", "migrationStage":"NotStarted", "server":"akswtt00600000a"}}
{"logTime": "0324/233718", "correlationVector":"n+CX+YUJ//bzLtnxaLXU7x.2","action":"ProcessGetUpdates", "result":"Done", "context":{"dataType":"Autofill", "deleted":"0", "process_failed_to_decrypt":"0", "process_pending_decryption":"0", "process_success":"1", "total":"1"}}
{"logTime": "0324/233718", "correlationVector":"n+CX+YUJ//bzLtnxaLXU7x.3","action":"GetUpdates Response", "result":"Success", "context":Received 1 update(s). cV=n+CX+YUJ//bzLtnxaLXU7x.0;server=akswtt00600000a;cloudType=Multitenant;environment=Prod_germanywestcentral_prod-s01-011-eur-germanywestcentral;migrationStage=NotStarted}
{"logTime": "0324/233718", "correlationVector":"tJR7dv8oPIIq2Ymo9yDmEh","action":"Initial GetUpdates", "result":"", "context":Reason: NEW_CLIENT. cV=tJR7dv8oPIIq2Ymo9yDmEh}
{"logTime": "0324/233718", "correlationVector":"tJR7dv8oPIIq2Ymo9yDmEh.1","action":"SyncServerConnectionManagerRequest", "result":"SYNC_SERVER_OK", "context":{"environment":"Prod_germanywestcentral_prod-s01-011-eur-germanywestcentral", "migrationStage":"NotStarted", "server":"akswtt006000001"}}
{"logTime": "0324/233718", "correlationVector":"tJR7dv8oPIIq2Ymo9yDmEh.2","action":"GetUpdates Response", "result":"Success", "context":Received 0 update(s). cV=tJR7dv8oPIIq2Ymo9yDmEh.0;server=akswtt006000001;cloudType=Multitenant;environment=Prod_germanywestcentral_prod-s01-011-eur-germanywestcentral;migrationStage=NotStarted}
{"logTime": "0324/233718", "correlationVector":"XF79EpNh5gp5Osqh9Nufue","action":"Normal GetUpdate request", "result":"", "context":cV=XF79EpNh5gp5Osqh9Nufue
Nudged types: Preferences, Sessions, Device Info, User Consents, Encryption Keys
Refresh requested types: Bookmarks, Preferences, Passwords, Autofill Profiles, Autofill, Extensions, Sessions, Extension settings, History Delete Directives, Device Info, User Consents, Send Tab To Self, Web Apps, History, Collection, Edge E Drop, Edge Hub App Usage, Edge Tab Group, Edge Wallet, Encryption Keys}
{"logTime": "0324/233718", "correlationVector":"XF79EpNh5gp5Osqh9Nufue.1","action":"SyncServerConnectionManagerRequest", "result":"SYNC_SERVER_OK", "context":{"environment":"Prod_germanywestcentral_prod-s01-011-eur-germanywestcentral", "migrationStage":"NotStarted", "server":"akswtt006000020"}}
{"logTime": "0324/233718", "correlationVector":"XF79EpNh5gp5Osqh9Nufue.2","action":"GetUpdates Response", "result":"Success", "context":Received 0 update(s). cV=XF79EpNh5gp5Osqh9Nufue.0;server=akswtt006000020;cloudType=Multitenant;environment=Prod_germanywestcentral_prod-s01-011-eur-germanywestcentral;migrationStage=NotStarted}
{"logTime": "0324/233718", "correlationVector":"V5exTA0898uCsu2c8h+piN","action":"Commit Request", "result":"", "context":Item count: 22
Contributing types: Preferences, Sessions, Device Info, User Consents}
{"logTime": "0324/233719", "correlationVector":"V5exTA0898uCsu2c8h+piN.1","action":"SyncServerConnectionManagerRequest", "result":"SYNC_SERVER_OK", "context":{"environment":"Prod_germanywestcentral_prod-s01-011-eur-germanywestcentral", "migrationStage":"NotStarted", "server":"akswtt006000012"}}
{"logTime": "0324/233719", "correlationVector":"V5exTA0898uCsu2c8h+piN.2","action":"Commit Response", "result":"Success", "context":Result: Success. cV=V5exTA0898uCsu2c8h+piN.0;server=akswtt006000012;cloudType=Multitenant;environment=Prod_germanywestcentral_prod-s01-011-eur-germanywestcentral;migrationStage=NotStarted}
{"logTime": "0324/233724", "correlationVector":"q9Yxb2bPbxqHG7t3ahyy6r","action":"Commit Request", "result":"", "context":Item count: 1
Contributing types: Preferences}
{"logTime": "0324/233724", "correlationVector":"q9Yxb2bPbxqHG7t3ahyy6r.1","action":"SyncServerConnectionManagerRequest", "result":"SYNC_SERVER_OK", "context":{"environment":"Prod_germanywestcentral_prod-s01-011-eur-germanywestcentral", "migrationStage":"NotStarted", "server":"akswtt006000012"}}
{"logTime": "0324/233724", "correlationVector":"q9Yxb2bPbxqHG7t3ahyy6r.2","action":"Commit Response", "result":"Success", "context":Result: Success. cV=q9Yxb2bPbxqHG7t3ahyy6r.0;server=akswtt006000012;cloudType=Multitenant;environment=Prod_germanywestcentral_prod-s01-011-eur-germanywestcentral;migrationStage=NotStarted}
{"logTime": "0324/233736", "correlationVector":"jyCl1jhzW3NDfZ0HTCSwcX","action":"Commit Request", "result":"", "context":Item count: 3
Contributing types: Preferences, Sessions}
{"logTime": "0324/233736", "correlationVector":"jyCl1jhzW3NDfZ0HTCSwcX.1","action":"SyncServerConnectionManagerRequest", "result":"SYNC_SERVER_OK", "context":{"environment":"Prod_germanywestcentral_prod-s01-011-eur-germanywestcentral", "migrationStage":"NotStarted", "server":"akswtt00600001i"}}
{"logTime": "0324/233736", "correlationVector":"jyCl1jhzW3NDfZ0HTCSwcX.2","action":"Commit Response", "result":"Success", "context":Result: Success. cV=jyCl1jhzW3NDfZ0HTCSwcX.0;server=akswtt00600001i;cloudType=Multitenant;environment=Prod_germanywestcentral_prod-s01-011-eur-germanywestcentral;migrationStage=NotStarted}
